# JRE version: 7.0_25-b17
# Java VM: Java HotSpot(TM) Client VM (23.25-b01 mixed mode windows-x86 )
Heap
 def new generation   total 15936K, used 389K [0x04490000, 0x055d0000, 0x0ef30000)
  eden space 14208K,   0% used [0x04490000, 0x044aa6b0, 0x05270000)
  from space 1728K,  16% used [0x05270000, 0x052b6e50, 0x05420000)
  to   space 1728K,   0% used [0x05420000, 0x05420000, 0x055d0000)
 tenured generation   total 35196K, used 20316K [0x0ef30000, 0x1118f000, 0x24490000)
   the space 35196K,  57% used [0x0ef30000, 0x10307250, 0x10307400, 0x1118f000)
 compacting perm gen  total 29952K, used 29874K [0x24490000, 0x261d0000, 0x28490000)
   the space 29952K,  99% used [0x24490000, 0x261bc898, 0x261bca00, 0x261d0000)
GC Heap History (10 events):
Event: 41464.172 GC heap before
{Heap before GC invocations=307 (full 11):
 def new generation   total 15424K, used 15421K [0x04490000, 0x05540000, 0x0ef30000)
  eden space 13760K, 100% used [0x04490000, 0x05200000, 0x05200000)
  from space 1664K,  99% used [0x053a0000, 0x0553f6c0, 0x05540000)
  to   space 1664K,   0% used [0x05200000, 0x05200000, 0x053a0000)
 tenured generation   total 35196K, used 35194K [0x0ef30000, 0x1118f000, 0x24490000)
   the space 35196K,  99% used [0x0ef30000, 0x1118eb98, 0x1118ec00, 0x1118f000)
 compacting perm gen  total 31488K, used 31366K [0x24490000, 0x26350000, 0x28490000)
   the space 31488K,  99% used [0x24490000, 0x26331a98, 0x26331c00, 0x26350000)
No shared spaces configured.
Event: 41469.898 GC heap after
Heap after GC invocations=308 (full 12):
 def new generation   total 15936K, used 0K [0x04490000, 0x055d0000, 0x0ef30000)
  eden space 14208K,   0% used [0x04490000, 0x04490000, 0x05270000)
  from space 1728K,   0% used [0x05270000, 0x05270000, 0x05420000)
  to   space 1728K,   0% used [0x05420000, 0x05420000, 0x055d0000)
 tenured generation   total 35196K, used 19078K [0x0ef30000, 0x1118f000, 0x24490000)
   the space 35196K,  54% used [0x0ef30000, 0x101d18e0, 0x101d1a00, 0x1118f000)
 compacting perm gen  total 29952K, used 29852K [0x24490000, 0x261d0000, 0x28490000)
   the space 29952K,  99% used [0x24490000, 0x261b70a0, 0x261b7200, 0x261d0000)
No shared spaces configured.
}
Event: 41505.519 GC heap before
{Heap before GC invocations=308 (full 12):
 def new generation   total 15936K, used 14208K [0x04490000, 0x055d0000, 0x0ef30000)
  eden space 14208K, 100% used [0x04490000, 0x05270000, 0x05270000)
  from space 1728K,   0% used [0x05270000, 0x05270000, 0x05420000)
  to   space 1728K,   0% used [0x05420000, 0x05420000, 0x055d0000)
 tenured generation   total 35196K, used 19078K [0x0ef30000, 0x1118f000, 0x24490000)
   the space 35196K,  54% used [0x0ef30000, 0x101d18e0, 0x101d1a00, 0x1118f000)
 compacting perm gen  total 29952K, used 29852K [0x24490000, 0x261d0000, 0x28490000)
   the space 29952K,  99% used [0x24490000, 0x261b70a0, 0x261b7200, 0x261d0000)
No shared spaces configured.
Event: 41505.556 GC heap after
Heap after GC invocations=309 (full 12):
 def new generation   total 15936K, used 1659K [0x04490000, 0x055d0000, 0x0ef30000)
  eden space 14208K,   0% used [0x04490000, 0x04490000, 0x05270000)
  from space 1728K,  96% used [0x05420000, 0x055befd0, 0x055d0000)
  to   space 1728K,   0% used [0x05270000, 0x05270000, 0x05420000)
 tenured generation   total 35196K, used 19947K [0x0ef30000, 0x1118f000, 0x24490000)
   the space 35196K,  56% used [0x0ef30000, 0x102aae08, 0x102ab000, 0x1118f000)
 compacting perm gen  total 29952K, used 29852K [0x24490000, 0x261d0000, 0x28490000)
   the space 29952K,  99% used [0x24490000, 0x261b70a0, 0x261b7200, 0x261d0000)
No shared spaces configured.
}
Event: 41535.329 GC heap before
{Heap before GC invocations=309 (full 12):
 def new generation   total 15936K, used 15867K [0x04490000, 0x055d0000, 0x0ef30000)
  eden space 14208K, 100% used [0x04490000, 0x05270000, 0x05270000)
  from space 1728K,  96% used [0x05420000, 0x055befd0, 0x055d0000)
  to   space 1728K,   0% used [0x05270000, 0x05270000, 0x05420000)
 tenured generation   total 35196K, used 19947K [0x0ef30000, 0x1118f000, 0x24490000)
   the space 35196K,  56% used [0x0ef30000, 0x102aae08, 0x102ab000, 0x1118f000)
 compacting perm gen  total 29952K, used 29867K [0x24490000, 0x261d0000, 0x28490000)
   the space 29952K,  99% used [0x24490000, 0x261baeb0, 0x261bb000, 0x261d0000)
No shared spaces configured.
Event: 41535.363 GC heap after
Heap after GC invocations=310 (full 12):
 def new generation   total 15936K, used 570K [0x04490000, 0x055d0000, 0x0ef30000)
  eden space 14208K,   0% used [0x04490000, 0x04490000, 0x05270000)
  from space 1728K,  33% used [0x05270000, 0x052fea80, 0x05420000)
  to   space 1728K,   0% used [0x05420000, 0x05420000, 0x055d0000)
 tenured generation   total 35196K, used 20118K [0x0ef30000, 0x1118f000, 0x24490000)
   the space 35196K,  57% used [0x0ef30000, 0x102d5970, 0x102d5a00, 0x1118f000)
 compacting perm gen  total 29952K, used 29867K [0x24490000, 0x261d0000, 0x28490000)
   the space 29952K,  99% used [0x24490000, 0x261baeb0, 0x261bb000, 0x261d0000)
No shared spaces configured.
}
Event: 41536.018 GC heap before
{Heap before GC invocations=310 (full 12):
 def new generation   total 15936K, used 14778K [0x04490000, 0x055d0000, 0x0ef30000)
  eden space 14208K, 100% used [0x04490000, 0x05270000, 0x05270000)
  from space 1728K,  33% used [0x05270000, 0x052fea80, 0x05420000)
  to   space 1728K,   0% used [0x05420000, 0x05420000, 0x055d0000)
 tenured generation   total 35196K, used 20118K [0x0ef30000, 0x1118f000, 0x24490000)
   the space 35196K,  57% used [0x0ef30000, 0x102d5970, 0x102d5a00, 0x1118f000)
 compacting perm gen  total 29952K, used 29867K [0x24490000, 0x261d0000, 0x28490000)
   the space 29952K,  99% used [0x24490000, 0x261baeb0, 0x261bb000, 0x261d0000)
No shared spaces configured.
Event: 41536.026 GC heap after
Heap after GC invocations=311 (full 12):
 def new generation   total 15936K, used 1278K [0x04490000, 0x055d0000, 0x0ef30000)
  eden space 14208K,   0% used [0x04490000, 0x04490000, 0x05270000)
  from space 1728K,  74% used [0x05420000, 0x0555fb38, 0x055d0000)
  to   space 1728K,   0% used [0x05270000, 0x05270000, 0x05420000)
 tenured generation   total 35196K, used 20118K [0x0ef30000, 0x1118f000, 0x24490000)
   the space 35196K,  57% used [0x0ef30000, 0x102d5970, 0x102d5a00, 0x1118f000)
 compacting perm gen  total 29952K, used 29867K [0x24490000, 0x261d0000, 0x28490000)
   the space 29952K,  99% used [0x24490000, 0x261baeb0, 0x261bb000, 0x261d0000)
No shared spaces configured.
}
Event: 41954.957 GC heap before
{Heap before GC invocations=311 (full 12):
 def new generation   total 15936K, used 15486K [0x04490000, 0x055d0000, 0x0ef30000)
  eden space 14208K, 100% used [0x04490000, 0x05270000, 0x05270000)
  from space 1728K,  74% used [0x05420000, 0x0555fb38, 0x055d0000)
  to   space 1728K,   0% used [0x05270000, 0x05270000, 0x05420000)
 tenured generation   total 35196K, used 20118K [0x0ef30000, 0x1118f000, 0x24490000)
   the space 35196K,  57% used [0x0ef30000, 0x102d5970, 0x102d5a00, 0x1118f000)
 compacting perm gen  total 29952K, used 29867K [0x24490000, 0x261d0000, 0x28490000)
   the space 29952K,  99% used [0x24490000, 0x261baec0, 0x261bb000, 0x261d0000)
No shared spaces configured.
Event: 41954.983 GC heap after
Heap after GC invocations=312 (full 12):
 def new generation   total 15936K, used 283K [0x04490000, 0x055d0000, 0x0ef30000)
  eden space 14208K,   0% used [0x04490000, 0x04490000, 0x05270000)
  from space 1728K,  16% used [0x05270000, 0x052b6e50, 0x05420000)
  to   space 1728K,   0% used [0x05420000, 0x05420000, 0x055d0000)
 tenured generation   total 35196K, used 20316K [0x0ef30000, 0x1118f000, 0x24490000)
   the space 35196K,  57% used [0x0ef30000, 0x10307250, 0x10307400, 0x1118f000)
 compacting perm gen  total 29952K, used 29867K [0x24490000, 0x261d0000, 0x28490000)
   the space 29952K,  99% used [0x24490000, 0x261baec0, 0x261bb000, 0x261d0000)
No shared spaces configured.
}

