# JRE version: 7.0_25-b17
# Java VM: Java HotSpot(TM) Client VM (23.25-b01 mixed mode windows-x86 )
Heap
 def new generation   total 9536K, used 3660K [0x03ee0000, 0x04930000, 0x0e980000)
  eden space 8512K,  35% used [0x03ee0000, 0x041daf58, 0x04730000)
  from space 1024K,  59% used [0x04830000, 0x048c8348, 0x04930000)
  to   space 1024K,   0% used [0x04730000, 0x04730000, 0x04830000)
 tenured generation   total 20996K, used 19359K [0x0e980000, 0x0fe01000, 0x23ee0000)
   the space 20996K,  92% used [0x0e980000, 0x0fc67ce0, 0x0fc67e00, 0x0fe01000)
 compacting perm gen  total 27648K, used 27528K [0x23ee0000, 0x259e0000, 0x27ee0000)
   the space 27648K,  99% used [0x23ee0000, 0x259c2188, 0x259c2200, 0x259e0000)
GC Heap History (10 events):
Event: 99.638 GC heap before
{Heap before GC invocations=79 (full 4):
 def new generation   total 9536K, used 8783K [0x03ee0000, 0x04930000, 0x0e980000)
  eden space 8512K,  96% used [0x03ee0000, 0x046e9aa0, 0x04730000)
  from space 1024K,  53% used [0x04730000, 0x047ba190, 0x04830000)
  to   space 1024K,   0% used [0x04830000, 0x04830000, 0x04930000)
 tenured generation   total 20996K, used 13104K [0x0e980000, 0x0fe01000, 0x23ee0000)
   the space 20996K,  62% used [0x0e980000, 0x0f64c0a8, 0x0f64c200, 0x0fe01000)
 compacting perm gen  total 26368K, used 26360K [0x23ee0000, 0x258a0000, 0x27ee0000)
   the space 26368K,  99% used [0x23ee0000, 0x2589e000, 0x2589e000, 0x258a0000)
No shared spaces configured.
Event: 99.647 GC heap after
Heap after GC invocations=80 (full 4):
 def new generation   total 9536K, used 1024K [0x03ee0000, 0x04930000, 0x0e980000)
  eden space 8512K,   0% used [0x03ee0000, 0x03ee0000, 0x04730000)
  from space 1024K, 100% used [0x04830000, 0x04930000, 0x04930000)
  to   space 1024K,   0% used [0x04730000, 0x04730000, 0x04830000)
 tenured generation   total 20996K, used 13332K [0x0e980000, 0x0fe01000, 0x23ee0000)
   the space 20996K,  63% used [0x0e980000, 0x0f6852d0, 0x0f685400, 0x0fe01000)
 compacting perm gen  total 26368K, used 26360K [0x23ee0000, 0x258a0000, 0x27ee0000)
   the space 26368K,  99% used [0x23ee0000, 0x2589e000, 0x2589e000, 0x258a0000)
No shared spaces configured.
}
Event: 100.282 GC heap before
{Heap before GC invocations=80 (full 4):
 def new generation   total 9536K, used 9536K [0x03ee0000, 0x04930000, 0x0e980000)
  eden space 8512K, 100% used [0x03ee0000, 0x04730000, 0x04730000)
  from space 1024K, 100% used [0x04830000, 0x04930000, 0x04930000)
  to   space 1024K,   0% used [0x04730000, 0x04730000, 0x04830000)
 tenured generation   total 20996K, used 13332K [0x0e980000, 0x0fe01000, 0x23ee0000)
   the space 20996K,  63% used [0x0e980000, 0x0f6852d0, 0x0f685400, 0x0fe01000)
 compacting perm gen  total 26624K, used 26372K [0x23ee0000, 0x258e0000, 0x27ee0000)
   the space 26624K,  99% used [0x23ee0000, 0x258a1268, 0x258a1400, 0x258e0000)
No shared spaces configured.
Event: 100.295 GC heap after
Heap after GC invocations=81 (full 4):
 def new generation   total 9536K, used 1024K [0x03ee0000, 0x04930000, 0x0e980000)
  eden space 8512K,   0% used [0x03ee0000, 0x03ee0000, 0x04730000)
  from space 1024K, 100% used [0x04730000, 0x04830000, 0x04830000)
  to   space 1024K,   0% used [0x04830000, 0x04830000, 0x04930000)
 tenured generation   total 20996K, used 14449K [0x0e980000, 0x0fe01000, 0x23ee0000)
   the space 20996K,  68% used [0x0e980000, 0x0f79c688, 0x0f79c800, 0x0fe01000)
 compacting perm gen  total 26624K, used 26372K [0x23ee0000, 0x258e0000, 0x27ee0000)
   the space 26624K,  99% used [0x23ee0000, 0x258a1268, 0x258a1400, 0x258e0000)
No shared spaces configured.
}
Event: 102.104 GC heap before
{Heap before GC invocations=81 (full 4):
 def new generation   total 9536K, used 9536K [0x03ee0000, 0x04930000, 0x0e980000)
  eden space 8512K, 100% used [0x03ee0000, 0x04730000, 0x04730000)
  from space 1024K, 100% used [0x04730000, 0x04830000, 0x04830000)
  to   space 1024K,   0% used [0x04830000, 0x04830000, 0x04930000)
 tenured generation   total 20996K, used 14449K [0x0e980000, 0x0fe01000, 0x23ee0000)
   the space 20996K,  68% used [0x0e980000, 0x0f79c688, 0x0f79c800, 0x0fe01000)
 compacting perm gen  total 26624K, used 26465K [0x23ee0000, 0x258e0000, 0x27ee0000)
   the space 26624K,  99% used [0x23ee0000, 0x258b8648, 0x258b8800, 0x258e0000)
No shared spaces configured.
Event: 102.121 GC heap after
Heap after GC invocations=82 (full 4):
 def new generation   total 9536K, used 993K [0x03ee0000, 0x04930000, 0x0e980000)
  eden space 8512K,   0% used [0x03ee0000, 0x03ee0000, 0x04730000)
  from space 1024K,  96% used [0x04830000, 0x049284d8, 0x04930000)
  to   space 1024K,   0% used [0x04730000, 0x04730000, 0x04830000)
 tenured generation   total 20996K, used 15468K [0x0e980000, 0x0fe01000, 0x23ee0000)
   the space 20996K,  73% used [0x0e980000, 0x0f89b2d8, 0x0f89b400, 0x0fe01000)
 compacting perm gen  total 26624K, used 26465K [0x23ee0000, 0x258e0000, 0x27ee0000)
   the space 26624K,  99% used [0x23ee0000, 0x258b8648, 0x258b8800, 0x258e0000)
No shared spaces configured.
}
Event: 102.913 GC heap before
{Heap before GC invocations=82 (full 4):
 def new generation   total 9536K, used 9505K [0x03ee0000, 0x04930000, 0x0e980000)
  eden space 8512K, 100% used [0x03ee0000, 0x04730000, 0x04730000)
  from space 1024K,  96% used [0x04830000, 0x049284d8, 0x04930000)
  to   space 1024K,   0% used [0x04730000, 0x04730000, 0x04830000)
 tenured generation   total 20996K, used 15468K [0x0e980000, 0x0fe01000, 0x23ee0000)
   the space 20996K,  73% used [0x0e980000, 0x0f89b2d8, 0x0f89b400, 0x0fe01000)
 compacting perm gen  total 26880K, used 26739K [0x23ee0000, 0x25920000, 0x27ee0000)
   the space 26880K,  99% used [0x23ee0000, 0x258fcc98, 0x258fce00, 0x25920000)
No shared spaces configured.
Event: 102.930 GC heap after
Heap after GC invocations=83 (full 4):
 def new generation   total 9536K, used 803K [0x03ee0000, 0x04930000, 0x0e980000)
  eden space 8512K,   0% used [0x03ee0000, 0x03ee0000, 0x04730000)
  from space 1024K,  78% used [0x04730000, 0x047f8e88, 0x04830000)
  to   space 1024K,   0% used [0x04830000, 0x04830000, 0x04930000)
 tenured generation   total 20996K, used 19296K [0x0e980000, 0x0fe01000, 0x23ee0000)
   the space 20996K,  91% used [0x0e980000, 0x0fc58170, 0x0fc58200, 0x0fe01000)
 compacting perm gen  total 26880K, used 26739K [0x23ee0000, 0x25920000, 0x27ee0000)
   the space 26880K,  99% used [0x23ee0000, 0x258fcc98, 0x258fce00, 0x25920000)
No shared spaces configured.
}
Event: 115.051 GC heap before
{Heap before GC invocations=83 (full 4):
 def new generation   total 9536K, used 9315K [0x03ee0000, 0x04930000, 0x0e980000)
  eden space 8512K, 100% used [0x03ee0000, 0x04730000, 0x04730000)
  from space 1024K,  78% used [0x04730000, 0x047f8e88, 0x04830000)
  to   space 1024K,   0% used [0x04830000, 0x04830000, 0x04930000)
 tenured generation   total 20996K, used 19296K [0x0e980000, 0x0fe01000, 0x23ee0000)
   the space 20996K,  91% used [0x0e980000, 0x0fc58170, 0x0fc58200, 0x0fe01000)
 compacting perm gen  total 27648K, used 27521K [0x23ee0000, 0x259e0000, 0x27ee0000)
   the space 27648K,  99% used [0x23ee0000, 0x259c0688, 0x259c0800, 0x259e0000)
No shared spaces configured.
Event: 115.061 GC heap after
Heap after GC invocations=84 (full 4):
 def new generation   total 9536K, used 608K [0x03ee0000, 0x04930000, 0x0e980000)
  eden space 8512K,   0% used [0x03ee0000, 0x03ee0000, 0x04730000)
  from space 1024K,  59% used [0x04830000, 0x048c8348, 0x04930000)
  to   space 1024K,   0% used [0x04730000, 0x04730000, 0x04830000)
 tenured generation   total 20996K, used 19359K [0x0e980000, 0x0fe01000, 0x23ee0000)
   the space 20996K,  92% used [0x0e980000, 0x0fc67ce0, 0x0fc67e00, 0x0fe01000)
 compacting perm gen  total 27648K, used 27521K [0x23ee0000, 0x259e0000, 0x27ee0000)
   the space 27648K,  99% used [0x23ee0000, 0x259c0688, 0x259c0800, 0x259e0000)
No shared spaces configured.
}

