# JRE version: 7.0_25-b17
# Java VM: Java HotSpot(TM) Client VM (23.25-b01 mixed mode windows-x86 )
Heap
 def new generation   total 8704K, used 5228K [0x05000000, 0x05970000, 0x0faa0000)
  eden space 7744K,  55% used [0x05000000, 0x0542b370, 0x05790000)
  from space 960K, 100% used [0x05790000, 0x05880000, 0x05880000)
  to   space 960K,   0% used [0x05880000, 0x05880000, 0x05970000)
 tenured generation   total 19252K, used 18403K [0x0faa0000, 0x10d6d000, 0x25000000)
   the space 19252K,  95% used [0x0faa0000, 0x10c98de8, 0x10c98e00, 0x10d6d000)
 compacting perm gen  total 19200K, used 19109K [0x25000000, 0x262c0000, 0x29000000)
   the space 19200K,  99% used [0x25000000, 0x262a96e0, 0x262a9800, 0x262c0000)
GC Heap History (10 events):
Event: 147.671 GC heap before
{Heap before GC invocations=60 (full 2):
 def new generation   total 8704K, used 7806K [0x05000000, 0x05970000, 0x0faa0000)
  eden space 7744K, 100% used [0x05000000, 0x05790000, 0x05790000)
  from space 960K,   6% used [0x05880000, 0x0588f8d8, 0x05970000)
  to   space 960K,   0% used [0x05790000, 0x05790000, 0x05880000)
 tenured generation   total 19252K, used 16270K [0x0faa0000, 0x10d6d000, 0x25000000)
   the space 19252K,  84% used [0x0faa0000, 0x10a83b28, 0x10a83c00, 0x10d6d000)
 compacting perm gen  total 18688K, used 18512K [0x25000000, 0x26240000, 0x29000000)
   the space 18688K,  99% used [0x25000000, 0x26214238, 0x26214400, 0x26240000)
No shared spaces configured.
Event: 147.674 GC heap after
Heap after GC invocations=61 (full 2):
 def new generation   total 8704K, used 618K [0x05000000, 0x05970000, 0x0faa0000)
  eden space 7744K,   0% used [0x05000000, 0x05000000, 0x05790000)
  from space 960K,  64% used [0x05790000, 0x0582a8e8, 0x05880000)
  to   space 960K,   0% used [0x05880000, 0x05880000, 0x05970000)
 tenured generation   total 19252K, used 16270K [0x0faa0000, 0x10d6d000, 0x25000000)
   the space 19252K,  84% used [0x0faa0000, 0x10a83b28, 0x10a83c00, 0x10d6d000)
 compacting perm gen  total 18688K, used 18512K [0x25000000, 0x26240000, 0x29000000)
   the space 18688K,  99% used [0x25000000, 0x26214238, 0x26214400, 0x26240000)
No shared spaces configured.
}
Event: 147.827 GC heap before
{Heap before GC invocations=61 (full 2):
 def new generation   total 8704K, used 8362K [0x05000000, 0x05970000, 0x0faa0000)
  eden space 7744K, 100% used [0x05000000, 0x05790000, 0x05790000)
  from space 960K,  64% used [0x05790000, 0x0582a8e8, 0x05880000)
  to   space 960K,   0% used [0x05880000, 0x05880000, 0x05970000)
 tenured generation   total 19252K, used 16270K [0x0faa0000, 0x10d6d000, 0x25000000)
   the space 19252K,  84% used [0x0faa0000, 0x10a83b28, 0x10a83c00, 0x10d6d000)
 compacting perm gen  total 18688K, used 18512K [0x25000000, 0x26240000, 0x29000000)
   the space 18688K,  99% used [0x25000000, 0x26214248, 0x26214400, 0x26240000)
No shared spaces configured.
Event: 147.830 GC heap after
Heap after GC invocations=62 (full 2):
 def new generation   total 8704K, used 328K [0x05000000, 0x05970000, 0x0faa0000)
  eden space 7744K,   0% used [0x05000000, 0x05000000, 0x05790000)
  from space 960K,  34% used [0x05880000, 0x058d22b8, 0x05970000)
  to   space 960K,   0% used [0x05790000, 0x05790000, 0x05880000)
 tenured generation   total 19252K, used 16589K [0x0faa0000, 0x10d6d000, 0x25000000)
   the space 19252K,  86% used [0x0faa0000, 0x10ad3660, 0x10ad3800, 0x10d6d000)
 compacting perm gen  total 18688K, used 18512K [0x25000000, 0x26240000, 0x29000000)
   the space 18688K,  99% used [0x25000000, 0x26214248, 0x26214400, 0x26240000)
No shared spaces configured.
}
Event: 148.224 GC heap before
{Heap before GC invocations=62 (full 2):
 def new generation   total 8704K, used 8072K [0x05000000, 0x05970000, 0x0faa0000)
  eden space 7744K, 100% used [0x05000000, 0x05790000, 0x05790000)
  from space 960K,  34% used [0x05880000, 0x058d22b8, 0x05970000)
  to   space 960K,   0% used [0x05790000, 0x05790000, 0x05880000)
 tenured generation   total 19252K, used 16589K [0x0faa0000, 0x10d6d000, 0x25000000)
   the space 19252K,  86% used [0x0faa0000, 0x10ad3660, 0x10ad3800, 0x10d6d000)
 compacting perm gen  total 18688K, used 18512K [0x25000000, 0x26240000, 0x29000000)
   the space 18688K,  99% used [0x25000000, 0x26214268, 0x26214400, 0x26240000)
No shared spaces configured.
Event: 148.228 GC heap after
Heap after GC invocations=63 (full 2):
 def new generation   total 8704K, used 960K [0x05000000, 0x05970000, 0x0faa0000)
  eden space 7744K,   0% used [0x05000000, 0x05000000, 0x05790000)
  from space 960K, 100% used [0x05790000, 0x05880000, 0x05880000)
  to   space 960K,   0% used [0x05880000, 0x05880000, 0x05970000)
 tenured generation   total 19252K, used 16700K [0x0faa0000, 0x10d6d000, 0x25000000)
   the space 19252K,  86% used [0x0faa0000, 0x10aef028, 0x10aef200, 0x10d6d000)
 compacting perm gen  total 18688K, used 18512K [0x25000000, 0x26240000, 0x29000000)
   the space 18688K,  99% used [0x25000000, 0x26214268, 0x26214400, 0x26240000)
No shared spaces configured.
}
Event: 177.580 GC heap before
{Heap before GC invocations=63 (full 2):
 def new generation   total 8704K, used 8704K [0x05000000, 0x05970000, 0x0faa0000)
  eden space 7744K, 100% used [0x05000000, 0x05790000, 0x05790000)
  from space 960K, 100% used [0x05790000, 0x05880000, 0x05880000)
  to   space 960K,   0% used [0x05880000, 0x05880000, 0x05970000)
 tenured generation   total 19252K, used 16700K [0x0faa0000, 0x10d6d000, 0x25000000)
   the space 19252K,  86% used [0x0faa0000, 0x10aef028, 0x10aef200, 0x10d6d000)
 compacting perm gen  total 18688K, used 18534K [0x25000000, 0x26240000, 0x29000000)
   the space 18688K,  99% used [0x25000000, 0x26219bc8, 0x26219c00, 0x26240000)
No shared spaces configured.
Event: 177.588 GC heap after
Heap after GC invocations=64 (full 2):
 def new generation   total 8704K, used 766K [0x05000000, 0x05970000, 0x0faa0000)
  eden space 7744K,   0% used [0x05000000, 0x05000000, 0x05790000)
  from space 960K,  79% used [0x05880000, 0x0593faf0, 0x05970000)
  to   space 960K,   0% used [0x05790000, 0x05790000, 0x05880000)
 tenured generation   total 19252K, used 17492K [0x0faa0000, 0x10d6d000, 0x25000000)
   the space 19252K,  90% used [0x0faa0000, 0x10bb50f0, 0x10bb5200, 0x10d6d000)
 compacting perm gen  total 18688K, used 18534K [0x25000000, 0x26240000, 0x29000000)
   the space 18688K,  99% used [0x25000000, 0x26219bc8, 0x26219c00, 0x26240000)
No shared spaces configured.
}
Event: 497.625 GC heap before
{Heap before GC invocations=64 (full 2):
 def new generation   total 8704K, used 8510K [0x05000000, 0x05970000, 0x0faa0000)
  eden space 7744K, 100% used [0x05000000, 0x05790000, 0x05790000)
  from space 960K,  79% used [0x05880000, 0x0593faf0, 0x05970000)
  to   space 960K,   0% used [0x05790000, 0x05790000, 0x05880000)
 tenured generation   total 19252K, used 17492K [0x0faa0000, 0x10d6d000, 0x25000000)
   the space 19252K,  90% used [0x0faa0000, 0x10bb50f0, 0x10bb5200, 0x10d6d000)
 compacting perm gen  total 18944K, used 18726K [0x25000000, 0x26280000, 0x29000000)
   the space 18944K,  98% used [0x25000000, 0x26249a10, 0x26249c00, 0x26280000)
No shared spaces configured.
Event: 497.634 GC heap after
Heap after GC invocations=65 (full 2):
 def new generation   total 8704K, used 960K [0x05000000, 0x05970000, 0x0faa0000)
  eden space 7744K,   0% used [0x05000000, 0x05000000, 0x05790000)
  from space 960K, 100% used [0x05790000, 0x05880000, 0x05880000)
  to   space 960K,   0% used [0x05880000, 0x05880000, 0x05970000)
 tenured generation   total 19252K, used 18403K [0x0faa0000, 0x10d6d000, 0x25000000)
   the space 19252K,  95% used [0x0faa0000, 0x10c98de8, 0x10c98e00, 0x10d6d000)
 compacting perm gen  total 18944K, used 18726K [0x25000000, 0x26280000, 0x29000000)
   the space 18944K,  98% used [0x25000000, 0x26249a10, 0x26249c00, 0x26280000)
No shared spaces configured.
}

